<?xml version="1.0" encoding="UTF-8"?>
<!-- Generated by org.testng.reporters.JUnitReportReporter -->
<testsuite hostname="CBT-025" name="googleDemo.DemoB" tests="2" failures="0" timestamp="13 Aug 2016 13:24:32 GMT" time="0.393" errors="0">
  <testcase name="DemoFail" time="0.390" classname="googleDemo.DemoB"/>
  <testcase name="DemoGoogle" time="0.003" classname="googleDemo.DemoB"/>
</testsuite> <!-- googleDemo.DemoB -->
