<?xml version="1.0" encoding="UTF-8"?>
<!-- Generated by org.testng.reporters.JUnitReportReporter -->
<testsuite hostname="CBT-025" name="googleDemo.DemoB" tests="2" failures="0" timestamp="7 Aug 2016 11:14:32 GMT" time="30.964" errors="0">
  <testcase name="DemoGoogle" time="16.919" classname="googleDemo.DemoB"/>
  <testcase name="DemoGoogle" time="14.045" classname="googleDemo.DemoB"/>
</testsuite> <!-- googleDemo.DemoB -->
