<?xml version="1.0" encoding="UTF-8"?>
<!-- Generated by org.testng.reporters.JUnitReportReporter -->
<testsuite hostname="CBT-025" name="googleDemo.GoogleDemo" tests="2" failures="0" timestamp="13 Aug 2016 13:25:13 GMT" time="0.453" errors="0">
  <testcase name="DemoA" time="0.021" classname="googleDemo.GoogleDemo"/>
  <testcase name="DemoB" time="0.432" classname="googleDemo.GoogleDemo"/>
</testsuite> <!-- googleDemo.GoogleDemo -->
