<?xml version="1.0" encoding="UTF-8"?>
<!-- Generated by org.testng.reporters.JUnitReportReporter -->
<testsuite hostname="CBT-025" name="googleDemo.GoogleDemo" tests="1" failures="0" timestamp="7 Aug 2016 10:50:17 GMT" time="24.465" errors="0">
  <testcase name="DemoGoogle" time="24.465" classname="googleDemo.GoogleDemo"/>
</testsuite> <!-- googleDemo.GoogleDemo -->
